<?xml version="1.0" encoding="UTF-8"?>
<testsuite name="Challenge Banitsmo" tests="1" skipped="0" failures="1" errors="0" timestamp="2021-07-01T20:04:15" hostname="CHMEPPF0FNML44" time="32.208">
  <properties/>
  <testcase name="Open the file pdf of banitsmo" classname="Challenge Banitsmo" time="32.208">
    <failure message="java.lang.AssertionError: Expected condition failed: waiting for By.id: //*[@id=&quot;title&quot;] to be displayed (tried for 5 second(s) with 100 milliseconds interval)&#10;Build info: version: '3.11.0', revision: 'e59cfb3', time: '2018-03-11T20:26:55.152Z'&#10;System info: host: 'CHMEPPF0FNML44', ip: '192.168.1.75', os.name: 'Windows 10', os.arch: 'amd64', os.version: '10.0', java.version: '1.8.0_211'&#10;Driver info: driver.version: unknown" type="java.lang.AssertionError">java.lang.AssertionError: Expected condition failed: waiting for By.id: //*[@id=&quot;title&quot;] to be displayed (tried for 5 second(s) with 100 milliseconds interval)
Build info: version: '3.11.0', revision: 'e59cfb3', time: '2018-03-11T20:26:55.152Z'
System info: host: 'CHMEPPF0FNML44', ip: '192.168.1.75', os.name: 'Windows 10', os.arch: 'amd64', os.version: '10.0', java.version: '1.8.0_211'
Driver info: driver.version: unknown
	at net.serenitybdd.screenplay.ErrorTally.throwSummaryExceptionFrom(ErrorTally.java:36)
	at net.serenitybdd.screenplay.ErrorTally.reportAnyErrors(ErrorTally.java:30)
	at net.serenitybdd.screenplay.Actor.should(Actor.java:187)
	at co.com.choucair.certificacion.proyectobase.stepdefinitions.banitsmoRetoStepDefinition.heShoulVerifyThePdfDocument(banitsmoRetoStepDefinition.java:37)
	at ✽.he shoul verify the pdf document(src/test/resources/features/retoBanitsmo.feature:9)
</failure>
  </testcase>
  <system-out><![CDATA[]]></system-out>
  <system-err><![CDATA[jul 01, 2021 3:04:15 PM org.openqa.selenium.remote.DesiredCapabilities chrome
INFORMACIÓN: Using `new ChromeOptions()` is preferred to `DesiredCapabilities.chrome()`
Starting ChromeDriver 91.0.4472.101 (af52a90bf87030dd1523486a1cd3ae25c5d76c9b-refs/branch-heads/4472@{#1462}) on port 25933
Only local connections are allowed.
Please see https://chromedriver.chromium.org/security-considerations for suggestions on keeping ChromeDriver safe.
ChromeDriver was started successfully.
jul 01, 2021 3:04:19 PM org.openqa.selenium.remote.ProtocolHandshake createSession
INFORMACIÓN: Detected dialect: W3C
[1625169886.360][SEVERE]: Unable to receive message from renderer
[Test worker] ERROR net.serenitybdd.core.Serenity - 
           __  _____ _____ ____ _____   _____ _    ___ _     _____ ____  
  _       / / |_   _| ____/ ___|_   _| |  ___/ \  |_ _| |   | ____|  _ \ 
 (_)_____| |    | | |  _| \___ \ | |   | |_ / _ \  | || |   |  _| | | | |
  _|_____| |    | | | |___ ___) || |   |  _/ ___ \ | || |___| |___| |_| |
 (_)     | |    |_| |_____|____/ |_|   |_|/_/   \_\___|_____|_____|____/ 
          \_\                                                            

TEST FAILED WITH ERROR: Open the file pdf of banitsmo
---------------------------------------------------------------------
[Test worker] ERROR net.serenitybdd.core.Serenity - TEST FAILED AT STEP Then answers
[Test worker] ERROR net.serenitybdd.core.Serenity - Expected condition failed: waiting for By.id: //*[@id="title"] to be displayed (tried for 5 second(s) with 100 milliseconds interval)Build info: version: '3.11.0', revision: 'e59cfb3', time: '2018-03-11T20:26:55.152Z'System info: host: 'CHMEPPF0FNML44', ip: '192.168.1.75', os.name: 'Windows 10', os.arch: 'amd64', os.version: '10.0', java.version: '1.8.0_211'Driver info: driver.version: unknown
]]></system-err>
</testsuite>
